<?xml version="1.0" encoding="UTF-8"?>
<testng-results skipped="0" failed="0" total="3" passed="3">
  <reporter-output>
  </reporter-output>
  <suite name="My Test Suite" duration-ms="15" started-at="2016-09-01T13:36:36Z" finished-at="2016-09-01T13:36:36Z">
    <groups>
    </groups>
    <test name="Application Test" duration-ms="15" started-at="2016-09-01T13:36:36Z" finished-at="2016-09-01T13:36:36Z">
      <class name="com.testproject.A">
        <test-method status="PASS" signature="m1()[pri:0, instance:com.testproject.A@7e0ea639]" name="m1" duration-ms="5" started-at="2016-09-01T19:06:36Z" finished-at="2016-09-01T19:06:36Z">
          <reporter-output>
          </reporter-output>
        </test-method> <!-- m1 -->
        <test-method status="PASS" signature="m2()[pri:0, instance:com.testproject.A@7e0ea639]" name="m2" duration-ms="1" started-at="2016-09-01T19:06:36Z" finished-at="2016-09-01T19:06:36Z">
          <reporter-output>
          </reporter-output>
        </test-method> <!-- m2 -->
        <test-method status="PASS" signature="m3()[pri:0, instance:com.testproject.A@7e0ea639]" name="m3" duration-ms="0" started-at="2016-09-01T19:06:36Z" finished-at="2016-09-01T19:06:36Z">
          <reporter-output>
          </reporter-output>
        </test-method> <!-- m3 -->
      </class> <!-- com.testproject.A -->
    </test> <!-- Application Test -->
  </suite> <!-- My Test Suite -->
</testng-results>
